[2025-10-12T01:18:07.937Z] 🎯 Analytics Daemon Starting...
[2025-10-12T01:18:07.942Z] 📅 Collection interval: 15 minutes
[2025-10-12T01:18:07.942Z] 📝 Log file: C:\Users\Jxint\Desktop\Programming\Projects\tof_gallery_test\analytics-daemon.log
[2025-10-12T01:18:07.943Z] 📋 PID file created: C:\Users\Jxint\Desktop\Programming\Projects\tof_gallery_test\analytics-daemon.pid (PID: 6552)
[2025-10-12T01:18:07.944Z] 🚀 Starting analytics collection...
[2025-10-12T01:18:50.553Z] ✅ Collected 1529 works from 1526 users in 42.5s
[2025-10-12T01:18:50.554Z] ✅ Analytics Daemon started successfully
[2025-10-12T01:18:50.554Z] ⏰ Next collection in 15 minutes
[2025-10-12T01:29:56.228Z] 🛑 Stopping Analytics Daemon...
[2025-10-12T01:29:56.230Z] 🗑️ PID file removed
[2025-10-12T01:29:56.230Z] ✅ Analytics Daemon stopped
[2025-10-12T01:30:03.229Z] 🎯 Analytics Daemon Starting...
[2025-10-12T01:30:03.258Z] 📅 Collection interval: 15 minutes
[2025-10-12T01:30:03.263Z] 📝 Log file: C:\Users\Jxint\Desktop\Programming\Projects\tof_gallery_test\analytics-daemon.log
[2025-10-12T01:30:03.265Z] 📋 PID file created: C:\Users\Jxint\Desktop\Programming\Projects\tof_gallery_test\analytics-daemon.pid (PID: 19924)
[2025-10-12T01:30:03.266Z] 🚀 Starting analytics collection...
[2025-10-12T01:30:43.596Z] 🎯 Analytics Daemon Starting...
[2025-10-12T01:30:43.601Z] 📅 Collection interval: 15 minutes
[2025-10-12T01:30:43.602Z] 📝 Log file: C:\Users\Jxint\Desktop\Programming\Projects\tof_gallery_test\analytics-daemon.log
[2025-10-12T01:30:43.603Z] 📋 PID file created: C:\Users\Jxint\Desktop\Programming\Projects\tof_gallery_test\analytics-daemon.pid (PID: 11644)
[2025-10-12T01:30:43.603Z] 🚀 Starting analytics collection...
[2025-10-12T01:30:44.507Z] ✅ Collected 1529 works from 1526 users in 41.1s
[2025-10-12T01:30:44.513Z] ✅ Analytics Daemon started successfully
[2025-10-12T01:30:44.514Z] ⏰ Next collection in 15 minutes
[2025-10-12T01:31:07.280Z] 🎯 Analytics Daemon Starting...
[2025-10-12T01:31:07.288Z] 📅 Collection interval: 15 minutes
[2025-10-12T01:31:07.288Z] 📝 Log file: C:\Users\Jxint\Desktop\Programming\Projects\tof_gallery_test\analytics-daemon.log
[2025-10-12T01:31:07.289Z] 📋 PID file created: C:\Users\Jxint\Desktop\Programming\Projects\tof_gallery_test\analytics-daemon.pid (PID: 5580)
[2025-10-12T01:31:07.290Z] 🚀 Starting analytics collection...
[2025-10-12T01:31:30.007Z] ✅ Collected 1529 works from 1526 users in 46.3s
[2025-10-12T01:31:30.008Z] ✅ Analytics Daemon started successfully
[2025-10-12T01:31:30.008Z] ⏰ Next collection in 15 minutes
[2025-10-12T01:31:48.576Z] ✅ Collected 1529 works from 1526 users in 41.2s
[2025-10-12T01:31:48.576Z] ✅ Analytics Daemon started successfully
[2025-10-12T01:31:48.577Z] ⏰ Next collection in 15 minutes
[2025-10-12T01:45:44.522Z] 🚀 Starting analytics collection...
[2025-10-12T01:46:26.693Z] ✅ Collected 1529 works from 1526 users in 42.1s
[2025-10-12T01:46:30.021Z] 🚀 Starting analytics collection...
[2025-10-12T01:46:48.585Z] 🚀 Starting analytics collection...
[2025-10-12T01:47:12.342Z] ✅ Collected 1529 works from 1526 users in 42.2s
[2025-10-12T01:47:31.005Z] ✅ Collected 1529 works from 1526 users in 42.3s
[2025-10-12T01:48:14.400Z] 🎯 Analytics Daemon Starting...
[2025-10-12T01:48:14.406Z] 📅 Collection interval: 15 minutes
[2025-10-12T01:48:14.406Z] 📝 Log file: C:\Users\Jxint\Desktop\Programming\Projects\tof_gallery_test\analytics-daemon.log
[2025-10-12T01:48:14.407Z] 📋 PID file created: C:\Users\Jxint\Desktop\Programming\Projects\tof_gallery_test\analytics-daemon.pid (PID: 16796)
[2025-10-12T01:48:14.407Z] 🚀 Starting analytics collection...
[2025-10-12T01:48:59.891Z] ✅ Collected 1529 works from 1526 users in 45.4s
[2025-10-12T01:48:59.891Z] ✅ Analytics Daemon started successfully
[2025-10-12T01:48:59.892Z] ⏰ Next collection in 15 minutes
[2025-10-12T02:03:59.899Z] 🚀 Starting analytics collection...
[2025-10-12T02:04:43.409Z] ✅ Collected 1529 works from 1526 users in 43.4s
[2025-10-12T02:18:59.905Z] 🚀 Starting analytics collection...
[2025-10-12T02:19:42.482Z] ✅ Collected 1529 works from 1526 users in 42.5s
[2025-10-12T02:33:59.907Z] 🚀 Starting analytics collection...
[2025-10-12T02:34:43.016Z] ✅ Collected 1529 works from 1526 users in 43.0s
[2025-10-12T02:48:59.912Z] 🚀 Starting analytics collection...
[2025-10-12T02:49:41.254Z] ✅ Collected 1530 works from 1527 users in 41.3s
[2025-10-12T03:03:59.917Z] 🚀 Starting analytics collection...
[2025-10-12T03:22:12.364Z] 🚀 Starting analytics collection...
[2025-10-12T03:22:54.378Z] ✅ Collected 1531 works from 1528 users in 42.0s
[2025-10-12T03:22:55.118Z] ✅ Collected 1531 works from 1528 users in 42.7s
[2025-10-12T11:10:25.890Z] 🎯 Analytics Daemon Starting...
[2025-10-12T11:10:25.896Z] 📅 Collection interval: 15 minutes
[2025-10-12T11:10:25.896Z] 📝 Log file: C:\Users\Jxint\Desktop\Programming\Projects\tof_gallery_test\analytics-daemon.log
[2025-10-12T11:10:25.897Z] 📋 PID file created: C:\Users\Jxint\Desktop\Programming\Projects\tof_gallery_test\analytics-daemon.pid (PID: 11008)
[2025-10-12T11:10:25.897Z] 🚀 Starting analytics collection...
[2025-10-12T11:11:09.796Z] ✅ Collected 1541 works from 1538 users in 43.8s
[2025-10-12T11:11:09.797Z] ✅ Analytics Daemon started successfully
[2025-10-12T11:11:09.798Z] ⏰ Next collection in 15 minutes
[2025-10-12T11:26:09.809Z] 🚀 Starting analytics collection...
[2025-10-12T11:26:50.114Z] ✅ Collected 1541 works from 1538 users in 40.2s
[2025-10-12T11:41:09.816Z] 🚀 Starting analytics collection...
[2025-10-12T11:41:53.982Z] ✅ Collected 1541 works from 1538 users in 44.1s
[2025-10-12T11:56:09.818Z] 🚀 Starting analytics collection...
[2025-10-12T11:56:54.339Z] ✅ Collected 1541 works from 1538 users in 44.4s
[2025-10-12T12:11:09.817Z] 🚀 Starting analytics collection...
[2025-10-12T12:11:58.621Z] ✅ Collected 1542 works from 1539 users in 48.6s
[2025-10-12T12:26:09.825Z] 🚀 Starting analytics collection...
[2025-10-12T12:26:52.563Z] ✅ Collected 1542 works from 1539 users in 42.6s
[2025-10-12T12:41:09.832Z] 🚀 Starting analytics collection...
[2025-10-12T12:41:55.512Z] ✅ Collected 1542 works from 1539 users in 45.6s
[2025-10-12T12:56:09.844Z] 🚀 Starting analytics collection...
[2025-10-12T12:56:55.373Z] ✅ Collected 1543 works from 1540 users in 45.4s
[2025-10-12T13:11:09.847Z] 🚀 Starting analytics collection...
[2025-10-12T13:11:57.767Z] ✅ Collected 1543 works from 1540 users in 47.7s
[2025-10-12T13:26:09.878Z] 🚀 Starting analytics collection...
[2025-10-12T13:26:55.083Z] ✅ Collected 1543 works from 1540 users in 44.9s
[2025-10-12T13:41:09.885Z] 🚀 Starting analytics collection...
[2025-10-12T13:41:51.367Z] ✅ Collected 1544 works from 1541 users in 41.2s
[2025-10-12T13:56:09.886Z] 🚀 Starting analytics collection...
[2025-10-12T13:56:57.497Z] ✅ Collected 1544 works from 1541 users in 47.5s
[2025-10-12T14:11:09.897Z] 🚀 Starting analytics collection...
[2025-10-12T14:11:59.908Z] ✅ Collected 1544 works from 1541 users in 49.9s
[2025-10-12T14:26:09.912Z] 🚀 Starting analytics collection...
[2025-10-12T14:26:56.336Z] ✅ Collected 1545 works from 1542 users in 46.3s
[2025-10-12T14:41:09.924Z] 🚀 Starting analytics collection...
[2025-10-12T14:42:01.592Z] ✅ Collected 1545 works from 1542 users in 51.6s
[2025-10-12T14:56:09.938Z] 🚀 Starting analytics collection...
[2025-10-12T14:56:54.984Z] ✅ Collected 1545 works from 1542 users in 45.0s
[2025-10-12T15:11:09.938Z] 🚀 Starting analytics collection...
[2025-10-12T15:11:52.457Z] ✅ Collected 1546 works from 1543 users in 42.4s
[2025-10-12T15:26:09.940Z] 🚀 Starting analytics collection...
[2025-10-12T15:26:53.312Z] ✅ Collected 1546 works from 1543 users in 43.3s
[2025-10-12T15:41:09.945Z] 🚀 Starting analytics collection...
[2025-10-12T15:41:53.965Z] ✅ Collected 1547 works from 1544 users in 43.9s
[2025-10-12T15:56:09.955Z] 🚀 Starting analytics collection...
[2025-10-12T15:56:57.377Z] ✅ Collected 1547 works from 1544 users in 47.3s
[2025-10-12T16:11:09.967Z] 🚀 Starting analytics collection...
[2025-10-12T16:11:54.647Z] ✅ Collected 1547 works from 1544 users in 44.6s
[2025-10-12T16:26:09.978Z] 🚀 Starting analytics collection...
[2025-10-12T16:26:54.557Z] ✅ Collected 1547 works from 1544 users in 44.5s
[2025-10-12T16:41:09.981Z] 🚀 Starting analytics collection...
[2025-10-12T16:41:52.079Z] ✅ Collected 1547 works from 1544 users in 42.0s
[2025-10-12T16:56:09.987Z] 🚀 Starting analytics collection...
[2025-10-12T16:56:52.348Z] ✅ Collected 1547 works from 1544 users in 42.3s
[2025-10-12T17:11:09.995Z] 🚀 Starting analytics collection...
[2025-10-12T17:11:50.540Z] ✅ Collected 1548 works from 1545 users in 40.4s
[2025-10-12T17:26:10.005Z] 🚀 Starting analytics collection...
[2025-10-12T17:26:54.515Z] ✅ Collected 1548 works from 1545 users in 44.4s
[2025-10-12T17:41:10.018Z] 🚀 Starting analytics collection...
[2025-10-12T17:41:52.004Z] ✅ Collected 1548 works from 1545 users in 41.8s
[2025-10-12T17:56:10.030Z] 🚀 Starting analytics collection...
[2025-10-12T17:56:51.526Z] ✅ Collected 1549 works from 1546 users in 41.4s
[2025-10-12T18:11:10.047Z] 🚀 Starting analytics collection...
[2025-10-12T18:11:53.479Z] ✅ Collected 1549 works from 1546 users in 43.1s
[2025-10-12T18:26:10.051Z] 🚀 Starting analytics collection...
[2025-10-12T18:26:53.868Z] ✅ Collected 1549 works from 1546 users in 43.6s
[2025-10-12T18:41:10.062Z] 🚀 Starting analytics collection...
[2025-10-12T18:41:53.028Z] ✅ Collected 1549 works from 1546 users in 42.7s
[2025-10-12T18:56:10.078Z] 🚀 Starting analytics collection...
[2025-10-12T18:56:52.010Z] ✅ Collected 1549 works from 1546 users in 41.6s
[2025-10-12T19:11:10.091Z] 🚀 Starting analytics collection...
[2025-10-12T19:11:53.290Z] ✅ Collected 1549 works from 1546 users in 43.0s
[2025-10-12T19:26:10.197Z] 🚀 Starting analytics collection...
[2025-10-12T19:26:53.750Z] ✅ Collected 1549 works from 1546 users in 42.9s
[2025-10-12T19:41:10.210Z] 🚀 Starting analytics collection...
[2025-10-12T19:41:54.247Z] ✅ Collected 1549 works from 1546 users in 43.8s
[2025-10-12T19:56:10.221Z] 🚀 Starting analytics collection...
[2025-10-12T19:56:56.242Z] ✅ Collected 1549 works from 1546 users in 45.8s
[2025-10-12T20:11:10.252Z] 🚀 Starting analytics collection...
[2025-10-12T20:11:55.236Z] ✅ Collected 1549 works from 1546 users in 44.7s
[2025-10-12T20:26:10.263Z] 🚀 Starting analytics collection...
[2025-10-12T20:26:54.668Z] ✅ Collected 1549 works from 1546 users in 44.1s
[2025-10-12T20:41:10.364Z] 🚀 Starting analytics collection...
[2025-10-12T20:41:53.471Z] ✅ Collected 1549 works from 1546 users in 42.6s
[2025-10-12T20:56:10.368Z] 🚀 Starting analytics collection...
[2025-10-12T20:56:50.201Z] ✅ Collected 1549 works from 1546 users in 39.6s
[2025-10-12T21:11:10.378Z] 🚀 Starting analytics collection...
[2025-10-12T21:11:52.241Z] ✅ Collected 1549 works from 1546 users in 41.6s
[2025-10-12T21:26:10.394Z] 🚀 Starting analytics collection...
[2025-10-12T21:26:50.784Z] ✅ Collected 1549 works from 1546 users in 40.2s
[2025-10-12T21:41:10.406Z] 🚀 Starting analytics collection...
[2025-10-12T21:41:53.372Z] ✅ Collected 1550 works from 1547 users in 42.8s
[2025-10-12T21:56:10.417Z] 🚀 Starting analytics collection...
[2025-10-12T21:56:49.791Z] ✅ Collected 1550 works from 1547 users in 39.2s
[2025-10-12T22:11:10.422Z] 🚀 Starting analytics collection...
[2025-10-12T22:11:54.357Z] ✅ Collected 1550 works from 1547 users in 43.8s
[2025-10-12T22:13:51.761Z] 🛑 Stopping Analytics Daemon...
[2025-10-12T22:13:51.764Z] 🗑️ PID file removed
[2025-10-12T22:13:51.765Z] ✅ Analytics Daemon stopped
[2025-10-12T22:15:17.586Z] 🎯 Analytics Daemon Starting...
[2025-10-12T22:15:17.590Z] 📅 Collection interval: 15 minutes
[2025-10-12T22:15:17.590Z] 📝 Log file: C:\Users\Jxint\Desktop\Programming\Projects\tof_gallery_test\analytics-daemon.log
[2025-10-12T22:15:17.591Z] 📋 PID file created: C:\Users\Jxint\Desktop\Programming\Projects\tof_gallery_test\analytics-daemon.pid (PID: 5968)
[2025-10-12T22:15:17.592Z] 🚀 Starting analytics collection...
[2025-10-12T22:16:00.433Z] ✅ Collected 1550 works from 1547 users in 42.8s
[2025-10-12T22:16:00.433Z] ✅ Analytics Daemon started successfully
[2025-10-12T22:16:00.434Z] ⏰ Next collection in 15 minutes
[2025-10-12T22:31:00.439Z] 🚀 Starting analytics collection...
[2025-10-12T22:31:42.524Z] ✅ Collected 1550 works from 1547 users in 42.0s
[2025-10-12T22:46:00.452Z] 🚀 Starting analytics collection...
[2025-10-12T22:46:44.056Z] ✅ Collected 1550 works from 1547 users in 43.5s
[2025-10-12T23:01:00.455Z] 🚀 Starting analytics collection...
[2025-10-12T23:01:42.642Z] ✅ Collected 1550 works from 1547 users in 42.1s
[2025-10-12T23:16:00.468Z] 🚀 Starting analytics collection...
[2025-10-12T23:16:43.941Z] ✅ Collected 1550 works from 1547 users in 43.4s
[2025-10-12T23:31:00.478Z] 🚀 Starting analytics collection...
[2025-10-12T23:31:44.143Z] ✅ Collected 1550 works from 1547 users in 43.6s
[2025-10-12T23:46:00.493Z] 🚀 Starting analytics collection...
[2025-10-12T23:46:44.534Z] ✅ Collected 1550 works from 1547 users in 44.0s
[2025-10-13T00:01:00.496Z] 🚀 Starting analytics collection...
[2025-10-13T00:01:47.686Z] ✅ Collected 1550 works from 1547 users in 47.1s
[2025-10-13T00:16:00.504Z] 🚀 Starting analytics collection...
[2025-10-13T00:16:48.514Z] ✅ Collected 1550 works from 1547 users in 47.9s
[2025-10-13T00:31:00.516Z] 🚀 Starting analytics collection...
[2025-10-13T00:31:46.169Z] ✅ Collected 1550 works from 1547 users in 45.4s
[2025-10-13T00:46:00.523Z] 🚀 Starting analytics collection...
[2025-10-13T00:46:45.530Z] ✅ Collected 1550 works from 1547 users in 44.9s
[2025-10-13T01:01:00.537Z] 🚀 Starting analytics collection...
[2025-10-13T01:01:43.524Z] ✅ Collected 1550 works from 1547 users in 42.9s
[2025-10-13T01:16:00.543Z] 🚀 Starting analytics collection...
[2025-10-13T01:16:44.544Z] ✅ Collected 1551 works from 1548 users in 43.9s
[2025-10-13T01:31:00.555Z] 🚀 Starting analytics collection...
[2025-10-13T01:31:43.306Z] ✅ Collected 1551 works from 1548 users in 42.7s
[2025-10-13T01:46:00.568Z] 🚀 Starting analytics collection...
[2025-10-13T01:46:45.309Z] ✅ Collected 1551 works from 1548 users in 44.7s
[2025-10-13T02:01:00.580Z] 🚀 Starting analytics collection...
[2025-10-13T02:01:43.222Z] ✅ Collected 1552 works from 1549 users in 42.6s
[2025-10-13T02:16:00.590Z] 🚀 Starting analytics collection...
[2025-10-13T02:16:42.625Z] ✅ Collected 1552 works from 1549 users in 42.0s
[2025-10-13T02:31:00.596Z] 🚀 Starting analytics collection...
[2025-10-13T02:31:43.146Z] ✅ Collected 1552 works from 1549 users in 42.5s
[2025-10-13T02:46:00.607Z] 🚀 Starting analytics collection...
[2025-10-13T02:46:42.667Z] ✅ Collected 1551 works from 1548 users in 42.0s
[2025-10-13T03:01:00.622Z] 🚀 Starting analytics collection...
[2025-10-13T03:01:43.243Z] ✅ Collected 1551 works from 1548 users in 42.5s
[2025-10-13T03:02:09.261Z] 🛑 Stopping Analytics Daemon...
[2025-10-13T03:02:09.263Z] 🗑️ PID file removed
[2025-10-13T03:02:09.263Z] ✅ Analytics Daemon stopped
